2019-03-29 15:10:11 - 0 - [main] ERROR com.capgemini.bankapp.client.BankAccountClient  - Withdraw : 
com.capgemini.bankapp.exception.LowBalanceException: Insufficient Balance
	at com.capgemini.bankapp.service.impl.BankAccountServiceImpl.withdraw(BankAccountServiceImpl.java:48)
	at com.capgemini.bankapp.client.BankAccountClient.main(BankAccountClient.java:63)
2019-03-29 16:55:44 - 0 - [main] ERROR com.capgemini.bankapp.client.BankAccountClient  - Withdraw : 
com.capgemini.bankapp.exception.LowBalanceException: Insufficient Balance
	at com.capgemini.bankapp.service.impl.BankAccountServiceImpl.withdraw(BankAccountServiceImpl.java:48)
	at com.capgemini.bankapp.client.BankAccountClient.main(BankAccountClient.java:63)
2019-03-29 16:59:07 - 0 - [main] ERROR com.capgemini.bankapp.client.BankAccountClient  -  Exception 
com.capgemini.bankapp.exception.BankAccountNotFoundException: BankAccount Does Not Exist
	at com.capgemini.bankapp.service.impl.BankAccountServiceImpl.deposit(BankAccountServiceImpl.java:71)
	at com.capgemini.bankapp.client.BankAccountClient.main(BankAccountClient.java:76)
2019-03-29 17:00:09 - 62395 - [main] ERROR com.capgemini.bankapp.util.DbUtil  - Exception 
com.capgemini.bankapp.exception.BankAccountNotFoundException: BankAccount Does Not Exist
	at com.capgemini.bankapp.service.impl.BankAccountServiceImpl.withdrawFundTransfer(BankAccountServiceImpl.java:55)
	at com.capgemini.bankapp.service.impl.BankAccountServiceImpl.fundTransfer(BankAccountServiceImpl.java:94)
	at com.capgemini.bankapp.client.BankAccountClient.main(BankAccountClient.java:93)
2019-03-29 17:00:09 - 62395 - [main] ERROR com.capgemini.bankapp.client.BankAccountClient  - Withdraw : 
com.capgemini.bankapp.exception.BankAccountNotFoundException: BankAccount Does Not Exist
	at com.capgemini.bankapp.service.impl.BankAccountServiceImpl.withdrawFundTransfer(BankAccountServiceImpl.java:55)
	at com.capgemini.bankapp.service.impl.BankAccountServiceImpl.fundTransfer(BankAccountServiceImpl.java:94)
	at com.capgemini.bankapp.client.BankAccountClient.main(BankAccountClient.java:93)
2019-03-29 17:01:34 - 147454 - [main] ERROR com.capgemini.bankapp.util.DbUtil  - Exception 
com.capgemini.bankapp.exception.LowBalanceException: Insufficient Balance
	at com.capgemini.bankapp.service.impl.BankAccountServiceImpl.withdrawFundTransfer(BankAccountServiceImpl.java:63)
	at com.capgemini.bankapp.service.impl.BankAccountServiceImpl.fundTransfer(BankAccountServiceImpl.java:94)
	at com.capgemini.bankapp.client.BankAccountClient.main(BankAccountClient.java:93)
2019-03-29 17:01:34 - 147454 - [main] ERROR com.capgemini.bankapp.client.BankAccountClient  - Withdraw : 
com.capgemini.bankapp.exception.LowBalanceException: Insufficient Balance
	at com.capgemini.bankapp.service.impl.BankAccountServiceImpl.withdrawFundTransfer(BankAccountServiceImpl.java:63)
	at com.capgemini.bankapp.service.impl.BankAccountServiceImpl.fundTransfer(BankAccountServiceImpl.java:94)
	at com.capgemini.bankapp.client.BankAccountClient.main(BankAccountClient.java:93)
2019-03-29 17:20:45 - 1297564 - [main] ERROR com.capgemini.bankapp.client.BankAccountClient  - Exception 
com.capgemini.bankapp.exception.BankAccountNotFoundException: BankAccount Does Not Exist
	at com.capgemini.bankapp.service.impl.BankAccountServiceImpl.checkBalance(BankAccountServiceImpl.java:31)
	at com.capgemini.bankapp.client.BankAccountClient.main(BankAccountClient.java:140)
2019-03-29 18:18:03 - 0 - [main] ERROR com.capgemini.bankapp.util.DbUtil  - Exception 
com.capgemini.bankapp.exception.BankAccountNotFoundException: BankAccount Does Not Exist
	at com.capgemini.bankapp.service.impl.BankAccountServiceImpl.deposit(BankAccountServiceImpl.java:71)
	at com.capgemini.bankapp.service.impl.BankAccountServiceImpl.fundTransfer(BankAccountServiceImpl.java:95)
	at com.capgemini.bankapp.client.BankAccountClient.main(BankAccountClient.java:93)
2019-03-29 18:18:03 - 0 - [main] ERROR com.capgemini.bankapp.client.BankAccountClient  - Withdraw : 
com.capgemini.bankapp.exception.BankAccountNotFoundException: BankAccount Does Not Exist
	at com.capgemini.bankapp.service.impl.BankAccountServiceImpl.deposit(BankAccountServiceImpl.java:71)
	at com.capgemini.bankapp.service.impl.BankAccountServiceImpl.fundTransfer(BankAccountServiceImpl.java:95)
	at com.capgemini.bankapp.client.BankAccountClient.main(BankAccountClient.java:93)
2019-03-29 18:24:07 - 0 - [main] ERROR com.capgemini.bankapp.util.DbUtil  - Exception 
com.capgemini.bankapp.exception.BankAccountNotFoundException: BankAccount Does Not Exist
	at com.capgemini.bankapp.service.impl.BankAccountServiceImpl.withdrawFundTransfer(BankAccountServiceImpl.java:55)
	at com.capgemini.bankapp.service.impl.BankAccountServiceImpl.fundTransfer(BankAccountServiceImpl.java:94)
	at com.capgemini.bankapp.client.BankAccountClient.main(BankAccountClient.java:93)
2019-03-29 18:24:07 - 0 - [main] ERROR com.capgemini.bankapp.client.BankAccountClient  - Withdraw : 
com.capgemini.bankapp.exception.BankAccountNotFoundException: BankAccount Does Not Exist
	at com.capgemini.bankapp.service.impl.BankAccountServiceImpl.withdrawFundTransfer(BankAccountServiceImpl.java:55)
	at com.capgemini.bankapp.service.impl.BankAccountServiceImpl.fundTransfer(BankAccountServiceImpl.java:94)
	at com.capgemini.bankapp.client.BankAccountClient.main(BankAccountClient.java:93)
2019-03-29 18:24:33 - 26524 - [main] ERROR com.capgemini.bankapp.util.DbUtil  - Exception 
com.capgemini.bankapp.exception.BankAccountNotFoundException: BankAccount Does Not Exist
	at com.capgemini.bankapp.service.impl.BankAccountServiceImpl.deposit(BankAccountServiceImpl.java:71)
	at com.capgemini.bankapp.service.impl.BankAccountServiceImpl.fundTransfer(BankAccountServiceImpl.java:95)
	at com.capgemini.bankapp.client.BankAccountClient.main(BankAccountClient.java:93)
2019-03-29 18:24:33 - 26524 - [main] ERROR com.capgemini.bankapp.client.BankAccountClient  - Withdraw : 
com.capgemini.bankapp.exception.BankAccountNotFoundException: BankAccount Does Not Exist
	at com.capgemini.bankapp.service.impl.BankAccountServiceImpl.deposit(BankAccountServiceImpl.java:71)
	at com.capgemini.bankapp.service.impl.BankAccountServiceImpl.fundTransfer(BankAccountServiceImpl.java:95)
	at com.capgemini.bankapp.client.BankAccountClient.main(BankAccountClient.java:93)
2019-03-29 18:27:24 - 0 - [main] ERROR com.capgemini.bankapp.util.DbUtil  - Exception 
com.capgemini.bankapp.exception.BankAccountNotFoundException: BankAccount Does Not Exist
	at com.capgemini.bankapp.service.impl.BankAccountServiceImpl.deposit(BankAccountServiceImpl.java:71)
	at com.capgemini.bankapp.service.impl.BankAccountServiceImpl.fundTransfer(BankAccountServiceImpl.java:95)
	at com.capgemini.bankapp.client.BankAccountClient.main(BankAccountClient.java:93)
2019-03-29 18:27:24 - 0 - [main] ERROR com.capgemini.bankapp.client.BankAccountClient  - Withdraw : 
com.capgemini.bankapp.exception.BankAccountNotFoundException: BankAccount Does Not Exist
	at com.capgemini.bankapp.service.impl.BankAccountServiceImpl.deposit(BankAccountServiceImpl.java:71)
	at com.capgemini.bankapp.service.impl.BankAccountServiceImpl.fundTransfer(BankAccountServiceImpl.java:95)
	at com.capgemini.bankapp.client.BankAccountClient.main(BankAccountClient.java:93)
2019-03-29 18:31:38 - 0 - [main] ERROR com.capgemini.bankapp.util.DbUtil  - Exception 
com.capgemini.bankapp.exception.LowBalanceException: Insufficient Balance
	at com.capgemini.bankapp.service.impl.BankAccountServiceImpl.withdrawFundTransfer(BankAccountServiceImpl.java:63)
	at com.capgemini.bankapp.service.impl.BankAccountServiceImpl.fundTransfer(BankAccountServiceImpl.java:94)
	at com.capgemini.bankapp.client.BankAccountClient.main(BankAccountClient.java:93)
2019-03-29 18:31:38 - 16 - [main] ERROR com.capgemini.bankapp.client.BankAccountClient  - Withdraw : 
com.capgemini.bankapp.exception.LowBalanceException: Insufficient Balance
	at com.capgemini.bankapp.service.impl.BankAccountServiceImpl.withdrawFundTransfer(BankAccountServiceImpl.java:63)
	at com.capgemini.bankapp.service.impl.BankAccountServiceImpl.fundTransfer(BankAccountServiceImpl.java:94)
	at com.capgemini.bankapp.client.BankAccountClient.main(BankAccountClient.java:93)
2019-03-29 18:31:52 - 13421 - [main] ERROR com.capgemini.bankapp.util.DbUtil  - Exception 
com.capgemini.bankapp.exception.BankAccountNotFoundException: BankAccount Does Not Exist
	at com.capgemini.bankapp.service.impl.BankAccountServiceImpl.deposit(BankAccountServiceImpl.java:71)
	at com.capgemini.bankapp.service.impl.BankAccountServiceImpl.fundTransfer(BankAccountServiceImpl.java:95)
	at com.capgemini.bankapp.client.BankAccountClient.main(BankAccountClient.java:93)
2019-03-29 18:31:52 - 13421 - [main] ERROR com.capgemini.bankapp.client.BankAccountClient  - Withdraw : 
com.capgemini.bankapp.exception.BankAccountNotFoundException: BankAccount Does Not Exist
	at com.capgemini.bankapp.service.impl.BankAccountServiceImpl.deposit(BankAccountServiceImpl.java:71)
	at com.capgemini.bankapp.service.impl.BankAccountServiceImpl.fundTransfer(BankAccountServiceImpl.java:95)
	at com.capgemini.bankapp.client.BankAccountClient.main(BankAccountClient.java:93)
2019-03-29 18:33:15 - 96386 - [main] ERROR com.capgemini.bankapp.util.DbUtil  - Exception 
com.capgemini.bankapp.exception.BankAccountNotFoundException: BankAccount Does Not Exist
	at com.capgemini.bankapp.service.impl.BankAccountServiceImpl.withdrawFundTransfer(BankAccountServiceImpl.java:55)
	at com.capgemini.bankapp.service.impl.BankAccountServiceImpl.fundTransfer(BankAccountServiceImpl.java:94)
	at com.capgemini.bankapp.client.BankAccountClient.main(BankAccountClient.java:93)
2019-03-29 18:33:15 - 96386 - [main] ERROR com.capgemini.bankapp.client.BankAccountClient  - Withdraw : 
com.capgemini.bankapp.exception.BankAccountNotFoundException: BankAccount Does Not Exist
	at com.capgemini.bankapp.service.impl.BankAccountServiceImpl.withdrawFundTransfer(BankAccountServiceImpl.java:55)
	at com.capgemini.bankapp.service.impl.BankAccountServiceImpl.fundTransfer(BankAccountServiceImpl.java:94)
	at com.capgemini.bankapp.client.BankAccountClient.main(BankAccountClient.java:93)
2019-03-29 18:34:27 - 168871 - [main] ERROR com.capgemini.bankapp.client.BankAccountClient  - Exception 
com.capgemini.bankapp.exception.BankAccountNotFoundException: BankAccount does not exist
	at com.capgemini.bankapp.service.impl.BankAccountServiceImpl.searchAccount(BankAccountServiceImpl.java:123)
	at com.capgemini.bankapp.client.BankAccountClient.main(BankAccountClient.java:128)
2019-03-29 18:35:20 - 221264 - [main] ERROR com.capgemini.bankapp.client.BankAccountClient  - Exception 
com.capgemini.bankapp.exception.BankAccountNotFoundException: BankAccount Does Not Exist
	at com.capgemini.bankapp.service.impl.BankAccountServiceImpl.checkBalance(BankAccountServiceImpl.java:31)
	at com.capgemini.bankapp.client.BankAccountClient.main(BankAccountClient.java:140)
2019-03-29 18:39:24 - 465665 - [main] ERROR com.capgemini.bankapp.util.DbUtil  - Exception 
com.capgemini.bankapp.exception.BankAccountNotFoundException: BankAccount Does Not Exist
	at com.capgemini.bankapp.service.impl.BankAccountServiceImpl.deposit(BankAccountServiceImpl.java:71)
	at com.capgemini.bankapp.service.impl.BankAccountServiceImpl.fundTransfer(BankAccountServiceImpl.java:95)
	at com.capgemini.bankapp.client.BankAccountClient.main(BankAccountClient.java:93)
2019-03-29 18:39:24 - 465666 - [main] ERROR com.capgemini.bankapp.client.BankAccountClient  - Withdraw : 
com.capgemini.bankapp.exception.BankAccountNotFoundException: BankAccount Does Not Exist
	at com.capgemini.bankapp.service.impl.BankAccountServiceImpl.deposit(BankAccountServiceImpl.java:71)
	at com.capgemini.bankapp.service.impl.BankAccountServiceImpl.fundTransfer(BankAccountServiceImpl.java:95)
	at com.capgemini.bankapp.client.BankAccountClient.main(BankAccountClient.java:93)
2019-03-29 18:47:45 - 0 - [main] ERROR com.capgemini.bankapp.client.BankAccountClient  - Exception 
com.capgemini.bankapp.exception.BankAccountNotFoundException: BankAccount Does Not Exist
	at com.capgemini.bankapp.service.impl.BankAccountServiceImpl.checkBalance(BankAccountServiceImpl.java:31)
	at com.capgemini.bankapp.client.BankAccountClient.main(BankAccountClient.java:140)
